Looking for git in: git
Using git 1.9.1 from git
> git rev-parse --show-toplevel
> git rev-parse --git-dir
Open repository: /home/vagrant/AirBnB_clone
> git status -z -u
> git symbolic-ref --short HEAD
> git rev-parse charliemur
> git rev-parse --symbolic-full-name charliemur@{u}
fatal: No upstream configured for branch 'charliemur'
> git for-each-ref --format %(refname) %(objectname) --sort -committerdate
> git remote --verbose
> git config --get commit.template
> git check-ignore -v -z --stdin
> git show :models/base_model.py
> git ls-files --stage -- /home/vagrant/AirBnB_clone/models/base_model.py
> git cat-file -s b2f8db26e35f06c9d6145278e474ad44e57debde
> git show :models/base_model.py
> git ls-files --stage -- /home/vagrant/AirBnB_clone/models/base_model.py
> git cat-file -s b2f8db26e35f06c9d6145278e474ad44e57debde
> git check-ignore -v -z --stdin
> git check-ignore -v -z --stdin
> git log --format=%H%n%aN%n%aE%n%at%n%ct%n%P%n%B -z -n21 -- /home/vagrant/AirBnB_clone/models/base_model.py
