User belongs to experiment group 'ShowPlayIcon - start'
User belongs to experiment group 'ShowExtensionSurveyPrompt - enabled'
User belongs to experiment group 'DebugAdapterFactory - experiment'
User belongs to experiment group 'PtvsdWheels37 - experiment'
User belongs to experiment group 'UseTerminalToGetActivatedEnvVars - control'
User belongs to experiment group 'LocalZMQKernel - control'
User belongs to experiment group 'CollectLSRequestTiming - control'
User belongs to experiment group 'CollectNodeLSRequestTiming - experiment'
User belongs to experiment group 'EnableIPyWidgets - experiment'
User belongs to experiment group 'DeprecatePythonPath - experiment'
User belongs to experiment group 'RunByLine - control'
User belongs to experiment group 'CustomEditorSupport - control'
> conda --version
> pyenv root
> python3.7 ~/.vscode-server/extensions/ms-python.python-2020.6.90262/pythonFiles/pyvsc-run-isolated.py -c "import sys;print(sys.executable)"
> python3.6 ~/.vscode-server/extensions/ms-python.python-2020.6.90262/pythonFiles/pyvsc-run-isolated.py -c "import sys;print(sys.executable)"
> python3 ~/.vscode-server/extensions/ms-python.python-2020.6.90262/pythonFiles/pyvsc-run-isolated.py -c "import sys;print(sys.executable)"
> python2 ~/.vscode-server/extensions/ms-python.python-2020.6.90262/pythonFiles/pyvsc-run-isolated.py -c "import sys;print(sys.executable)"
> python ~/.vscode-server/extensions/ms-python.python-2020.6.90262/pythonFiles/pyvsc-run-isolated.py -c "import sys;print(sys.executable)"
> python ~/.vscode-server/extensions/ms-python.python-2020.6.90262/pythonFiles/pyvsc-run-isolated.py -c "import sys;print(sys.executable)"
> conda info --json
> python ~/.vscode-server/extensions/ms-python.python-2020.6.90262/pythonFiles/pyvsc-run-isolated.py -c "import sys;print(sys.executable)"
> python ~/.vscode-server/extensions/ms-python.python-2020.6.90262/pythonFiles/pyvsc-run-isolated.py -c "import sys;print(sys.executable)"
> /usr/bin/python ~/.vscode-server/extensions/ms-python.python-2020.6.90262/pythonFiles/pyvsc-run-isolated.py -c "import jupyter"
> /usr/bin/python ~/.vscode-server/extensions/ms-python.python-2020.6.90262/pythonFiles/pyvsc-run-isolated.py -c "import jupyter"
> /usr/bin/python ~/.vscode-server/extensions/ms-python.python-2020.6.90262/pythonFiles/pyvsc-run-isolated.py -c "import notebook"
> /usr/bin/python ~/.vscode-server/extensions/ms-python.python-2020.6.90262/pythonFiles/pyvsc-run-isolated.py -c "import notebook"
Starting Jedi Python language engine.
Diagnostic Code: InvalidPythonInterpreterDiagnostic, Message: No Python interpreter is selected. You need to select a Python interpreter to enable features such as IntelliSense, linting, and debugging.

Linter 'pylint' is not installed. Please install it or select another linter".
TypeError [ERR_INVALID_ARG_VALUE]: The argument 'file' cannot be empty. Received ''
> /usr/bin/python3 ~/.vscode-server/extensions/ms-python.python-2020.6.90262/pythonFiles/pyvsc-run-isolated.py pip --version
> conda --version

Linter 'pylint' is not installed. Please install it or select another linter".
TypeError [ERR_INVALID_ARG_VALUE]: The argument 'file' cannot be empty. Received ''

Linter 'pylint' is not installed. Please install it or select another linter".
TypeError [ERR_INVALID_ARG_VALUE]: The argument 'file' cannot be empty. Received ''

Linter 'pylint' is not installed. Please install it or select another linter".
TypeError [ERR_INVALID_ARG_VALUE]: The argument 'file' cannot be empty. Received ''

Linter 'pylint' is not installed. Please install it or select another linter".
TypeError [ERR_INVALID_ARG_VALUE]: The argument 'file' cannot be empty. Received ''

Linter 'pylint' is not installed. Please install it or select another linter".
TypeError [ERR_INVALID_ARG_VALUE]: The argument 'file' cannot be empty. Received ''

Linter 'pylint' is not installed. Please install it or select another linter".
TypeError [ERR_INVALID_ARG_VALUE]: The argument 'file' cannot be empty. Received ''

Linter 'pylint' is not installed. Please install it or select another linter".
TypeError [ERR_INVALID_ARG_VALUE]: The argument 'file' cannot be empty. Received ''

Linter 'pylint' is not installed. Please install it or select another linter".
TypeError [ERR_INVALID_ARG_VALUE]: The argument 'file' cannot be empty. Received ''

Linter 'pylint' is not installed. Please install it or select another linter".
TypeError [ERR_INVALID_ARG_VALUE]: The argument 'file' cannot be empty. Received ''

Linter 'pylint' is not installed. Please install it or select another linter".
TypeError [ERR_INVALID_ARG_VALUE]: The argument 'file' cannot be empty. Received ''

Linter 'pylint' is not installed. Please install it or select another linter".
TypeError [ERR_INVALID_ARG_VALUE]: The argument 'file' cannot be empty. Received ''

Linter 'pylint' is not installed. Please install it or select another linter".
TypeError [ERR_INVALID_ARG_VALUE]: The argument 'file' cannot be empty. Received ''

Linter 'pylint' is not installed. Please install it or select another linter".
TypeError [ERR_INVALID_ARG_VALUE]: The argument 'file' cannot be empty. Received ''

Linter 'pylint' is not installed. Please install it or select another linter".
TypeError [ERR_INVALID_ARG_VALUE]: The argument 'file' cannot be empty. Received ''

Linter 'pylint' is not installed. Please install it or select another linter".
TypeError [ERR_INVALID_ARG_VALUE]: The argument 'file' cannot be empty. Received ''

Linter 'pylint' is not installed. Please install it or select another linter".
TypeError [ERR_INVALID_ARG_VALUE]: The argument 'file' cannot be empty. Received ''

Linter 'pylint' is not installed. Please install it or select another linter".
TypeError [ERR_INVALID_ARG_VALUE]: The argument 'file' cannot be empty. Received ''

Linter 'pylint' is not installed. Please install it or select another linter".
TypeError [ERR_INVALID_ARG_VALUE]: The argument 'file' cannot be empty. Received ''

Linter 'pylint' is not installed. Please install it or select another linter".
TypeError [ERR_INVALID_ARG_VALUE]: The argument 'file' cannot be empty. Received ''
