[2020-06-29 21:18:47.596] [exthost] [info] extension host started
[2020-06-29 21:18:47.742] [exthost] [info] ExtensionService#_doActivateExtension vscode.debug-auto-launch {"startup":true,"extensionId":{"value":"vscode.debug-auto-launch","_lower":"vscode.debug-auto-launch"},"activationEvent":"*"}
[2020-06-29 21:18:47.748] [exthost] [info] ExtensionService#loadCommonJSModule file:///home/vagrant/.vscode-server/bin/cd9ea6488829f560dc949a8b2fb789f3cdc05f5d/extensions/debug-auto-launch/dist/extension
[2020-06-29 21:18:47.774] [exthost] [info] ExtensionService#_doActivateExtension vscode.emmet {"startup":true,"extensionId":{"value":"vscode.emmet","_lower":"vscode.emmet"},"activationEvent":"*"}
[2020-06-29 21:18:47.774] [exthost] [info] ExtensionService#loadCommonJSModule file:///home/vagrant/.vscode-server/bin/cd9ea6488829f560dc949a8b2fb789f3cdc05f5d/extensions/emmet/dist/extension
[2020-06-29 21:18:47.964] [exthost] [info] ExtensionService#_doActivateExtension vscode.git {"startup":true,"extensionId":{"value":"vscode.github","_lower":"vscode.github"},"activationEvent":"*"}
[2020-06-29 21:18:47.964] [exthost] [info] ExtensionService#loadCommonJSModule file:///home/vagrant/.vscode-server/bin/cd9ea6488829f560dc949a8b2fb789f3cdc05f5d/extensions/git/dist/main
[2020-06-29 21:18:48.161] [exthost] [info] ExtensionService#_doActivateExtension vscode.github-authentication {"startup":true,"extensionId":{"value":"vscode.github-authentication","_lower":"vscode.github-authentication"},"activationEvent":"*"}
[2020-06-29 21:18:48.161] [exthost] [info] ExtensionService#loadCommonJSModule file:///home/vagrant/.vscode-server/bin/cd9ea6488829f560dc949a8b2fb789f3cdc05f5d/extensions/github-authentication/dist/extension.js
[2020-06-29 21:18:48.195] [exthost] [info] ExtensionService#_doActivateExtension vscode.merge-conflict {"startup":true,"extensionId":{"value":"vscode.merge-conflict","_lower":"vscode.merge-conflict"},"activationEvent":"*"}
[2020-06-29 21:18:48.196] [exthost] [info] ExtensionService#loadCommonJSModule file:///home/vagrant/.vscode-server/bin/cd9ea6488829f560dc949a8b2fb789f3cdc05f5d/extensions/merge-conflict/dist/extension
[2020-06-29 21:18:48.203] [exthost] [info] ExtensionService#_doActivateExtension vscode.microsoft-authentication {"startup":true,"extensionId":{"value":"vscode.microsoft-authentication","_lower":"vscode.microsoft-authentication"},"activationEvent":"*"}
[2020-06-29 21:18:48.204] [exthost] [info] ExtensionService#loadCommonJSModule file:///home/vagrant/.vscode-server/bin/cd9ea6488829f560dc949a8b2fb789f3cdc05f5d/extensions/microsoft-authentication/dist/extension.js
[2020-06-29 21:18:48.230] [exthost] [info] ExtensionService#_doActivateExtension vscode.search-result {"startup":true,"extensionId":{"value":"vscode.search-result","_lower":"vscode.search-result"},"activationEvent":"*"}
[2020-06-29 21:18:48.230] [exthost] [info] ExtensionService#loadCommonJSModule file:///home/vagrant/.vscode-server/bin/cd9ea6488829f560dc949a8b2fb789f3cdc05f5d/extensions/search-result/dist/extension.js
[2020-06-29 21:18:49.149] [exthost] [info] ExtensionService#_doActivateExtension vscode.github {"startup":true,"extensionId":{"value":"vscode.github","_lower":"vscode.github"},"activationEvent":"*"}
[2020-06-29 21:18:49.149] [exthost] [info] ExtensionService#loadCommonJSModule file:///home/vagrant/.vscode-server/bin/cd9ea6488829f560dc949a8b2fb789f3cdc05f5d/extensions/github/dist/extension.js
[2020-06-29 21:18:49.261] [exthost] [info] eager extensions activated
[2020-06-29 21:21:02.036] [exthost] [info] ExtensionService#_doActivateExtension ms-python.python {"startup":false,"extensionId":{"value":"ms-python.python","_lower":"ms-python.python"},"activationEvent":"onLanguage:python"}
[2020-06-29 21:21:02.040] [exthost] [info] ExtensionService#loadCommonJSModule file:///home/vagrant/.vscode-server/extensions/ms-python.python-2020.6.90262/out/client/extension
[2020-06-29 21:21:03.202] [exthost] [info] ExtensionService#_doActivateExtension njpwerner.autodocstring {"startup":false,"extensionId":{"value":"njpwerner.autodocstring","_lower":"njpwerner.autodocstring"},"activationEvent":"onLanguage:python"}
[2020-06-29 21:21:03.202] [exthost] [info] ExtensionService#loadCommonJSModule file:///home/vagrant/.vscode-server/extensions/njpwerner.autodocstring-0.5.3/out/extension.js
[2020-06-29 21:21:03.396] [exthost] [info] Extension 'njpwerner.autodocstring' uses a document selector without scheme. Learn more about this: https://go.microsoft.com/fwlink/?linkid=872305
[2020-06-29 21:21:04.772] [exthost] [info] Extension 'ms-python.python' uses a document selector without scheme. Learn more about this: https://go.microsoft.com/fwlink/?linkid=872305
[2020-06-29 21:21:09.534] [exthost] [error] [ms-python.python] provider FAILED
[2020-06-29 21:21:09.534] [exthost] [error] TypeError [ERR_INVALID_ARG_VALUE]: The argument 'file' cannot be empty. Received ''
	at normalizeSpawnArguments (child_process.js:396:11)
	at Object.spawn (child_process.js:529:16)
	at l.exec (/home/vagrant/.vscode-server/extensions/ms-python.python-2020.6.90262/out/client/extension.js:1:647336)
	at h.getFullyQualifiedPathToInterpreter (/home/vagrant/.vscode-server/extensions/ms-python.python-2020.6.90262/out/client/extension.js:48:753967)
	at processTicksAndRejections (internal/process/task_queues.js:89:5)
	at async h.createShebangCodeLens (/home/vagrant/.vscode-server/extensions/ms-python.python-2020.6.90262/out/client/extension.js:48:754165)
[2020-06-29 21:21:22.522] [exthost] [error] [ms-python.python] provider FAILED
[2020-06-29 21:21:22.522] [exthost] [error] TypeError [ERR_INVALID_ARG_VALUE]: The argument 'file' cannot be empty. Received ''
	at normalizeSpawnArguments (child_process.js:396:11)
	at Object.spawn (child_process.js:529:16)
	at l.exec (/home/vagrant/.vscode-server/extensions/ms-python.python-2020.6.90262/out/client/extension.js:1:647336)
	at h.getFullyQualifiedPathToInterpreter (/home/vagrant/.vscode-server/extensions/ms-python.python-2020.6.90262/out/client/extension.js:48:753967)
	at processTicksAndRejections (internal/process/task_queues.js:89:5)
	at async h.createShebangCodeLens (/home/vagrant/.vscode-server/extensions/ms-python.python-2020.6.90262/out/client/extension.js:48:754165)
[2020-06-29 21:22:30.604] [exthost] [error] [ms-python.python] provider FAILED
[2020-06-29 21:22:30.604] [exthost] [error] TypeError [ERR_INVALID_ARG_VALUE]: The argument 'file' cannot be empty. Received ''
	at normalizeSpawnArguments (child_process.js:396:11)
	at Object.spawn (child_process.js:529:16)
	at l.exec (/home/vagrant/.vscode-server/extensions/ms-python.python-2020.6.90262/out/client/extension.js:1:647336)
	at h.getFullyQualifiedPathToInterpreter (/home/vagrant/.vscode-server/extensions/ms-python.python-2020.6.90262/out/client/extension.js:48:753967)
	at processTicksAndRejections (internal/process/task_queues.js:89:5)
	at async h.createShebangCodeLens (/home/vagrant/.vscode-server/extensions/ms-python.python-2020.6.90262/out/client/extension.js:48:754165)
[2020-06-29 21:24:03.359] [exthost] [error] [ms-python.python] provider FAILED
[2020-06-29 21:24:03.359] [exthost] [error] TypeError [ERR_INVALID_ARG_VALUE]: The argument 'file' cannot be empty. Received ''
	at normalizeSpawnArguments (child_process.js:396:11)
	at Object.spawn (child_process.js:529:16)
	at l.exec (/home/vagrant/.vscode-server/extensions/ms-python.python-2020.6.90262/out/client/extension.js:1:647336)
	at h.getFullyQualifiedPathToInterpreter (/home/vagrant/.vscode-server/extensions/ms-python.python-2020.6.90262/out/client/extension.js:48:753967)
	at processTicksAndRejections (internal/process/task_queues.js:89:5)
	at async h.createShebangCodeLens (/home/vagrant/.vscode-server/extensions/ms-python.python-2020.6.90262/out/client/extension.js:48:754165)
[2020-06-29 21:24:35.912] [exthost] [info] ExtensionService#_doActivateExtension vscode.configuration-editing {"startup":false,"extensionId":{"value":"vscode.configuration-editing","_lower":"vscode.configuration-editing"},"activationEvent":"onLanguage:jsonc"}
[2020-06-29 21:24:35.913] [exthost] [info] ExtensionService#loadCommonJSModule file:///home/vagrant/.vscode-server/bin/cd9ea6488829f560dc949a8b2fb789f3cdc05f5d/extensions/configuration-editing/dist/extension
[2020-06-29 21:24:35.956] [exthost] [info] ExtensionService#_doActivateExtension vscode.json-language-features {"startup":false,"extensionId":{"value":"vscode.json-language-features","_lower":"vscode.json-language-features"},"activationEvent":"onLanguage:jsonc"}
[2020-06-29 21:24:35.956] [exthost] [info] ExtensionService#loadCommonJSModule file:///home/vagrant/.vscode-server/bin/cd9ea6488829f560dc949a8b2fb789f3cdc05f5d/extensions/json-language-features/client/dist/jsonMain
[2020-06-29 21:24:36.026] [exthost] [info] ExtensionService#_doActivateExtension vscode.typescript-language-features {"startup":false,"extensionId":{"value":"vscode.typescript-language-features","_lower":"vscode.typescript-language-features"},"activationEvent":"onLanguage:jsonc"}
[2020-06-29 21:24:36.026] [exthost] [info] ExtensionService#loadCommonJSModule file:///home/vagrant/.vscode-server/bin/cd9ea6488829f560dc949a8b2fb789f3cdc05f5d/extensions/typescript-language-features/dist/extension
