[2020-07-10 23:11:34.121] [exthost] [info] extension host started
[2020-07-10 23:11:34.225] [exthost] [info] ExtensionService#_doActivateExtension vscode.emmet {"startup":false,"extensionId":{"value":"vscode.emmet","_lower":"vscode.emmet"},"activationEvent":"onLanguage:html"}
[2020-07-10 23:11:34.225] [exthost] [info] ExtensionService#loadCommonJSModule file:///home/vagrant/.vscode-server/bin/d5e9aa0227e057a60c82568bf31c04730dc15dcd/extensions/emmet/dist/extension
[2020-07-10 23:11:34.359] [exthost] [info] ExtensionService#_doActivateExtension vscode.html-language-features {"startup":false,"extensionId":{"value":"vscode.html-language-features","_lower":"vscode.html-language-features"},"activationEvent":"onLanguage:html"}
[2020-07-10 23:11:34.359] [exthost] [info] ExtensionService#loadCommonJSModule file:///home/vagrant/.vscode-server/bin/d5e9aa0227e057a60c82568bf31c04730dc15dcd/extensions/html-language-features/client/dist/node/htmlClientMain
[2020-07-10 23:11:34.416] [exthost] [info] ExtensionService#_doActivateExtension hdg.live-html-previewer {"startup":false,"extensionId":{"value":"hdg.live-html-previewer","_lower":"hdg.live-html-previewer"},"activationEvent":"onLanguage:html"}
[2020-07-10 23:11:34.416] [exthost] [info] ExtensionService#loadCommonJSModule file:///home/vagrant/.vscode-server/extensions/hdg.live-html-previewer-0.3.0/out/src/extension
[2020-07-10 23:11:34.421] [exthost] [info] ExtensionService#_doActivateExtension vscode.configuration-editing {"startup":false,"extensionId":{"value":"vscode.configuration-editing","_lower":"vscode.configuration-editing"},"activationEvent":"onLanguage:json"}
[2020-07-10 23:11:34.421] [exthost] [info] ExtensionService#loadCommonJSModule file:///home/vagrant/.vscode-server/bin/d5e9aa0227e057a60c82568bf31c04730dc15dcd/extensions/configuration-editing/dist/configurationEditingMain
[2020-07-10 23:11:34.429] [exthost] [info] ExtensionService#_doActivateExtension vscode.extension-editing {"startup":false,"extensionId":{"value":"vscode.extension-editing","_lower":"vscode.extension-editing"},"activationEvent":"onLanguage:json"}
[2020-07-10 23:11:34.429] [exthost] [info] ExtensionService#loadCommonJSModule file:///home/vagrant/.vscode-server/bin/d5e9aa0227e057a60c82568bf31c04730dc15dcd/extensions/extension-editing/dist/extension
[2020-07-10 23:11:34.453] [exthost] [info] ExtensionService#_doActivateExtension vscode.json-language-features {"startup":false,"extensionId":{"value":"vscode.json-language-features","_lower":"vscode.json-language-features"},"activationEvent":"onLanguage:json"}
[2020-07-10 23:11:34.453] [exthost] [info] ExtensionService#loadCommonJSModule file:///home/vagrant/.vscode-server/bin/d5e9aa0227e057a60c82568bf31c04730dc15dcd/extensions/json-language-features/client/dist/node/jsonClientMain
[2020-07-10 23:11:34.557] [exthost] [info] ExtensionService#_doActivateExtension ms-vscode.js-debug {"startup":false,"extensionId":{"value":"ms-vscode.js-debug","_lower":"ms-vscode.js-debug"},"activationEvent":"onLanguage:json"}
[2020-07-10 23:11:34.557] [exthost] [info] ExtensionService#loadCommonJSModule file:///home/vagrant/.vscode-server/bin/d5e9aa0227e057a60c82568bf31c04730dc15dcd/extensions/ms-vscode.js-debug/src/extension.js
[2020-07-10 23:11:35.018] [exthost] [info] ExtensionService#_doActivateExtension vscode.npm {"startup":false,"extensionId":{"value":"vscode.npm","_lower":"vscode.npm"},"activationEvent":"onLanguage:json"}
[2020-07-10 23:11:35.018] [exthost] [info] ExtensionService#loadCommonJSModule file:///home/vagrant/.vscode-server/bin/d5e9aa0227e057a60c82568bf31c04730dc15dcd/extensions/npm/dist/npmMain
[2020-07-10 23:11:35.032] [exthost] [info] ExtensionService#_doActivateExtension vscode.typescript-language-features {"startup":false,"extensionId":{"value":"vscode.typescript-language-features","_lower":"vscode.typescript-language-features"},"activationEvent":"onLanguage:typescript"}
[2020-07-10 23:11:35.032] [exthost] [info] ExtensionService#loadCommonJSModule file:///home/vagrant/.vscode-server/bin/d5e9aa0227e057a60c82568bf31c04730dc15dcd/extensions/typescript-language-features/dist/extension
[2020-07-10 23:11:35.097] [exthost] [info] ExtensionService#_doActivateExtension vscode.debug-auto-launch {"startup":true,"extensionId":{"value":"vscode.debug-auto-launch","_lower":"vscode.debug-auto-launch"},"activationEvent":"*"}
[2020-07-10 23:11:35.098] [exthost] [info] ExtensionService#loadCommonJSModule file:///home/vagrant/.vscode-server/bin/d5e9aa0227e057a60c82568bf31c04730dc15dcd/extensions/debug-auto-launch/dist/extension
[2020-07-10 23:11:35.101] [exthost] [info] ExtensionService#_doActivateExtension vscode.git {"startup":true,"extensionId":{"value":"vscode.github","_lower":"vscode.github"},"activationEvent":"*"}
[2020-07-10 23:11:35.101] [exthost] [info] ExtensionService#loadCommonJSModule file:///home/vagrant/.vscode-server/bin/d5e9aa0227e057a60c82568bf31c04730dc15dcd/extensions/git/dist/main
[2020-07-10 23:11:35.250] [exthost] [info] ExtensionService#_doActivateExtension vscode.github-authentication {"startup":true,"extensionId":{"value":"vscode.github-authentication","_lower":"vscode.github-authentication"},"activationEvent":"*"}
[2020-07-10 23:11:35.250] [exthost] [info] ExtensionService#loadCommonJSModule file:///home/vagrant/.vscode-server/bin/d5e9aa0227e057a60c82568bf31c04730dc15dcd/extensions/github-authentication/dist/extension.js
[2020-07-10 23:11:35.274] [exthost] [info] ExtensionService#_doActivateExtension vscode.merge-conflict {"startup":true,"extensionId":{"value":"vscode.merge-conflict","_lower":"vscode.merge-conflict"},"activationEvent":"*"}
[2020-07-10 23:11:35.274] [exthost] [info] ExtensionService#loadCommonJSModule file:///home/vagrant/.vscode-server/bin/d5e9aa0227e057a60c82568bf31c04730dc15dcd/extensions/merge-conflict/dist/mergeConflictMain
[2020-07-10 23:11:35.279] [exthost] [info] ExtensionService#_doActivateExtension vscode.microsoft-authentication {"startup":true,"extensionId":{"value":"vscode.microsoft-authentication","_lower":"vscode.microsoft-authentication"},"activationEvent":"*"}
[2020-07-10 23:11:35.279] [exthost] [info] ExtensionService#loadCommonJSModule file:///home/vagrant/.vscode-server/bin/d5e9aa0227e057a60c82568bf31c04730dc15dcd/extensions/microsoft-authentication/dist/extension.js
[2020-07-10 23:11:35.315] [exthost] [info] ExtensionService#_doActivateExtension vscode.search-result {"startup":true,"extensionId":{"value":"vscode.search-result","_lower":"vscode.search-result"},"activationEvent":"*"}
[2020-07-10 23:11:35.315] [exthost] [info] ExtensionService#loadCommonJSModule file:///home/vagrant/.vscode-server/bin/d5e9aa0227e057a60c82568bf31c04730dc15dcd/extensions/search-result/dist/extension.js
[2020-07-10 23:11:35.875] [exthost] [info] ExtensionService#_doActivateExtension vscode.github {"startup":true,"extensionId":{"value":"vscode.github","_lower":"vscode.github"},"activationEvent":"*"}
[2020-07-10 23:11:35.875] [exthost] [info] ExtensionService#loadCommonJSModule file:///home/vagrant/.vscode-server/bin/d5e9aa0227e057a60c82568bf31c04730dc15dcd/extensions/github/dist/extension.js
[2020-07-10 23:11:36.053] [exthost] [info] eager extensions activated
