[2020-07-10 23:31:14.381] [exthost] [info] extension host started
[2020-07-10 23:31:14.763] [exthost] [info] ExtensionService#_doActivateExtension vscode.emmet {"startup":false,"extensionId":{"value":"vscode.emmet","_lower":"vscode.emmet"},"activationEvent":"onLanguage:html"}
[2020-07-10 23:31:14.769] [exthost] [info] ExtensionService#loadCommonJSModule file:///home/vagrant/.vscode-server/bin/d5e9aa0227e057a60c82568bf31c04730dc15dcd/extensions/emmet/dist/extension
[2020-07-10 23:31:15.190] [exthost] [info] ExtensionService#_doActivateExtension vscode.html-language-features {"startup":false,"extensionId":{"value":"vscode.html-language-features","_lower":"vscode.html-language-features"},"activationEvent":"onLanguage:html"}
[2020-07-10 23:31:15.213] [exthost] [info] ExtensionService#loadCommonJSModule file:///home/vagrant/.vscode-server/bin/d5e9aa0227e057a60c82568bf31c04730dc15dcd/extensions/html-language-features/client/dist/node/htmlClientMain
[2020-07-10 23:31:15.445] [exthost] [info] ExtensionService#_doActivateExtension hdg.live-html-previewer {"startup":false,"extensionId":{"value":"hdg.live-html-previewer","_lower":"hdg.live-html-previewer"},"activationEvent":"onLanguage:html"}
[2020-07-10 23:31:15.446] [exthost] [info] ExtensionService#loadCommonJSModule file:///home/vagrant/.vscode-server/extensions/hdg.live-html-previewer-0.3.0/out/src/extension
[2020-07-10 23:31:15.490] [exthost] [info] ExtensionService#_doActivateExtension vscode.debug-auto-launch {"startup":true,"extensionId":{"value":"vscode.debug-auto-launch","_lower":"vscode.debug-auto-launch"},"activationEvent":"*"}
[2020-07-10 23:31:15.492] [exthost] [info] ExtensionService#loadCommonJSModule file:///home/vagrant/.vscode-server/bin/d5e9aa0227e057a60c82568bf31c04730dc15dcd/extensions/debug-auto-launch/dist/extension
[2020-07-10 23:31:15.505] [exthost] [info] ExtensionService#_doActivateExtension vscode.git {"startup":true,"extensionId":{"value":"vscode.github","_lower":"vscode.github"},"activationEvent":"*"}
[2020-07-10 23:31:15.506] [exthost] [info] ExtensionService#loadCommonJSModule file:///home/vagrant/.vscode-server/bin/d5e9aa0227e057a60c82568bf31c04730dc15dcd/extensions/git/dist/main
[2020-07-10 23:31:15.951] [exthost] [info] ExtensionService#_doActivateExtension vscode.github-authentication {"startup":true,"extensionId":{"value":"vscode.github-authentication","_lower":"vscode.github-authentication"},"activationEvent":"*"}
[2020-07-10 23:31:15.957] [exthost] [info] ExtensionService#loadCommonJSModule file:///home/vagrant/.vscode-server/bin/d5e9aa0227e057a60c82568bf31c04730dc15dcd/extensions/github-authentication/dist/extension.js
[2020-07-10 23:31:16.081] [exthost] [info] ExtensionService#_doActivateExtension vscode.merge-conflict {"startup":true,"extensionId":{"value":"vscode.merge-conflict","_lower":"vscode.merge-conflict"},"activationEvent":"*"}
[2020-07-10 23:31:16.082] [exthost] [info] ExtensionService#loadCommonJSModule file:///home/vagrant/.vscode-server/bin/d5e9aa0227e057a60c82568bf31c04730dc15dcd/extensions/merge-conflict/dist/mergeConflictMain
[2020-07-10 23:31:16.100] [exthost] [info] ExtensionService#_doActivateExtension vscode.microsoft-authentication {"startup":true,"extensionId":{"value":"vscode.microsoft-authentication","_lower":"vscode.microsoft-authentication"},"activationEvent":"*"}
[2020-07-10 23:31:16.106] [exthost] [info] ExtensionService#loadCommonJSModule file:///home/vagrant/.vscode-server/bin/d5e9aa0227e057a60c82568bf31c04730dc15dcd/extensions/microsoft-authentication/dist/extension.js
[2020-07-10 23:31:16.171] [exthost] [info] ExtensionService#_doActivateExtension vscode.search-result {"startup":true,"extensionId":{"value":"vscode.search-result","_lower":"vscode.search-result"},"activationEvent":"*"}
[2020-07-10 23:31:16.171] [exthost] [info] ExtensionService#loadCommonJSModule file:///home/vagrant/.vscode-server/bin/d5e9aa0227e057a60c82568bf31c04730dc15dcd/extensions/search-result/dist/extension.js
[2020-07-10 23:31:16.737] [exthost] [info] ExtensionService#_doActivateExtension vscode.github {"startup":true,"extensionId":{"value":"vscode.github","_lower":"vscode.github"},"activationEvent":"*"}
[2020-07-10 23:31:16.738] [exthost] [info] ExtensionService#loadCommonJSModule file:///home/vagrant/.vscode-server/bin/d5e9aa0227e057a60c82568bf31c04730dc15dcd/extensions/github/dist/extension.js
[2020-07-10 23:31:16.906] [exthost] [info] eager extensions activated
[2020-07-10 23:31:31.011] [exthost] [info] ExtensionService#_doActivateExtension negokaz.live-server-preview {"startup":false,"extensionId":{"value":"negokaz.live-server-preview","_lower":"negokaz.live-server-preview"},"activationEvent":"onCommand:extension.liveServerPreview.open"}
[2020-07-10 23:31:31.012] [exthost] [info] ExtensionService#loadCommonJSModule file:///home/vagrant/.vscode-server/extensions/negokaz.live-server-preview-0.1.4/out/src/extension
[2020-07-10 23:31:31.606] [exthost] [warning] [Deprecation Warning] 'workspace.rootPath' is deprecated. Please use 'workspace.workspaceFolders' instead. More details: https://aka.ms/vscode-eliminating-rootpath
[2020-07-10 23:33:40.552] [exthost] [info] ExtensionService#_doActivateExtension vscode.configuration-editing {"startup":false,"extensionId":{"value":"vscode.configuration-editing","_lower":"vscode.configuration-editing"},"activationEvent":"onLanguage:json"}
[2020-07-10 23:33:40.552] [exthost] [info] ExtensionService#loadCommonJSModule file:///home/vagrant/.vscode-server/bin/d5e9aa0227e057a60c82568bf31c04730dc15dcd/extensions/configuration-editing/dist/configurationEditingMain
[2020-07-10 23:33:40.570] [exthost] [info] ExtensionService#_doActivateExtension vscode.extension-editing {"startup":false,"extensionId":{"value":"vscode.extension-editing","_lower":"vscode.extension-editing"},"activationEvent":"onLanguage:json"}
[2020-07-10 23:33:40.571] [exthost] [info] ExtensionService#loadCommonJSModule file:///home/vagrant/.vscode-server/bin/d5e9aa0227e057a60c82568bf31c04730dc15dcd/extensions/extension-editing/dist/extension
[2020-07-10 23:33:40.607] [exthost] [info] ExtensionService#_doActivateExtension vscode.json-language-features {"startup":false,"extensionId":{"value":"vscode.json-language-features","_lower":"vscode.json-language-features"},"activationEvent":"onLanguage:json"}
[2020-07-10 23:33:40.608] [exthost] [info] ExtensionService#loadCommonJSModule file:///home/vagrant/.vscode-server/bin/d5e9aa0227e057a60c82568bf31c04730dc15dcd/extensions/json-language-features/client/dist/node/jsonClientMain
[2020-07-10 23:33:40.743] [exthost] [info] ExtensionService#_doActivateExtension ms-vscode.js-debug {"startup":false,"extensionId":{"value":"ms-vscode.js-debug","_lower":"ms-vscode.js-debug"},"activationEvent":"onLanguage:json"}
[2020-07-10 23:33:40.743] [exthost] [info] ExtensionService#loadCommonJSModule file:///home/vagrant/.vscode-server/bin/d5e9aa0227e057a60c82568bf31c04730dc15dcd/extensions/ms-vscode.js-debug/src/extension.js
[2020-07-10 23:33:41.731] [exthost] [info] ExtensionService#_doActivateExtension vscode.npm {"startup":false,"extensionId":{"value":"vscode.npm","_lower":"vscode.npm"},"activationEvent":"onLanguage:json"}
[2020-07-10 23:33:41.731] [exthost] [info] ExtensionService#loadCommonJSModule file:///home/vagrant/.vscode-server/bin/d5e9aa0227e057a60c82568bf31c04730dc15dcd/extensions/npm/dist/npmMain
