[INFO 16:07:55.109] autoDocstring was activated
[INFO 16:08:53.763] Generating Docstring at line: 15
[INFO 16:08:53.781] Docstring generated:
		"""${1:[summary]}

		Args:
		    id (${2:[type]}): ${3:[description]}
		    created_at (${4:[type]}): ${5:[description]}
		    updated_at (${6:[type]}): ${7:[description]}
		"""
[INFO 16:08:53.781] Inserting at position: 15 0
[INFO 16:08:53.802] Successfully inserted docstring
[INFO 16:12:17.230] Generating Docstring at line: 27
[INFO 16:12:17.233] Docstring generated:
		"""${1:[summary]}
		"""
[INFO 16:12:17.234] Inserting at position: 27 0
[INFO 16:12:17.256] Successfully inserted docstring
[INFO 16:24:29.714] Generating Docstring at line: 34
[INFO 16:24:29.716] Docstring generated:
	"""${1:[summary]}
	"""
[INFO 16:24:29.716] Inserting at position: 34 0
[INFO 16:24:29.742] Successfully inserted docstring
[INFO 16:27:32.869] Generating Docstring at line: 27
[INFO 16:27:32.872] Docstring generated:
		"""${1:[summary]}

		Returns:
		    ${2:[type]}: ${3:[description]}
		"""
[INFO 16:27:32.872] Inserting at position: 27 0
[INFO 16:27:32.920] Successfully inserted docstring
[INFO 16:29:39.707] Generating Docstring at line: 37
[INFO 16:29:39.708] Docstring generated:
	"""${1:[summary]}
	"""
[INFO 16:29:39.708] Inserting at position: 37 0
[INFO 16:29:39.726] Successfully inserted docstring
[INFO 16:37:22.926] Generating Docstring at line: 42
[INFO 16:37:22.928] Docstring generated:
	"""${1:[summary]}

	Returns:
	    ${2:[type]}: ${3:[description]}
	"""
[INFO 16:37:22.928] Inserting at position: 42 0
[INFO 16:37:22.948] Successfully inserted docstring
